c:\users\skeggib\dev\simulationonde\release\vc141.pdb
c:\users\skeggib\dev\simulationonde\release\world.obj
c:\users\skeggib\dev\simulationonde\release\wave.obj
c:\users\skeggib\dev\simulationonde\release\watermesh.obj
c:\users\skeggib\dev\simulationonde\release\wall.obj
c:\users\skeggib\dev\simulationonde\release\vector2.obj
c:\users\skeggib\dev\simulationonde\release\vector3.obj
c:\users\skeggib\dev\simulationonde\release\ttf.obj
c:\users\skeggib\dev\simulationonde\release\triangle.obj
c:\users\skeggib\dev\simulationonde\release\square.obj
c:\users\skeggib\dev\simulationonde\release\slider.obj
c:\users\skeggib\dev\simulationonde\release\main.obj
c:\users\skeggib\dev\simulationonde\release\form.obj
c:\users\skeggib\dev\simulationonde\release\cosinus.obj
c:\users\skeggib\dev\simulationonde\release\color.obj
c:\users\skeggib\dev\simulationonde\release\camera.obj
c:\users\skeggib\dev\simulationonde\release\button.obj
c:\users\skeggib\dev\simulationonde\release\animation.obj
c:\users\skeggib\dev\simulationonde\release\simulationonde.exe
c:\users\skeggib\dev\simulationonde\release\simulationonde.pdb
c:\users\skeggib\dev\simulationonde\release\simulationonde.ipdb
c:\users\skeggib\dev\simulationonde\release\simulationonde.iobj
c:\users\skeggib\dev\simulationonde\release\simulationonde.tlog\cl.command.1.tlog
c:\users\skeggib\dev\simulationonde\release\simulationonde.tlog\cl.read.1.tlog
c:\users\skeggib\dev\simulationonde\release\simulationonde.tlog\cl.write.1.tlog
c:\users\skeggib\dev\simulationonde\release\simulationonde.tlog\link.command.1.tlog
c:\users\skeggib\dev\simulationonde\release\simulationonde.tlog\link.read.1.tlog
c:\users\skeggib\dev\simulationonde\release\simulationonde.tlog\link.write.1.tlog
c:\users\skeggib\dev\simulationonde\release\simulationonde.tlog\simulationonde.write.1u.tlog
